<?xml version="1.0" encoding="UTF-8"?>
<!-- Generated by org.testng.reporters.JUnitXMLReporter -->
<testsuite hostname="DESKTOP-O3E0A86" ignored="0" name="Command line test" tests="1" failures="0" timestamp="2020-03-18T16:29:29 IST" time="0.598" errors="0">
  <testcase name="@BeforeMethod setUp" time="0.388" classname="TestCase.LoginTest">
    <failure type="java.lang.NoSuchMethodError" message="org.apache.commons.io.IOUtils.toString(Ljava/io/InputStream;Ljava/nio/charset/Charset;)Ljava/lang/String;">
      <![CDATA[java.lang.NoSuchMethodError: org.apache.commons.io.IOUtils.toString(Ljava/io/InputStream;Ljava/nio/charset/Charset;)Ljava/lang/String;
at io.github.bonigarcia.wdm.Shell.runAndWaitNoLog(Shell.java:66)
at io.github.bonigarcia.wdm.Shell.runAndWaitArray(Shell.java:56)
at io.github.bonigarcia.wdm.Shell.runAndWait(Shell.java:50)
at io.github.bonigarcia.wdm.WebDriverManager.getBrowserVersionInWindows(WebDriverManager.java:1236)
at io.github.bonigarcia.wdm.WebDriverManager.getDefaultBrowserVersion(WebDriverManager.java:1198)
at io.github.bonigarcia.wdm.ChromeDriverManager.getBrowserVersion(ChromeDriverManager.java:103)
at io.github.bonigarcia.wdm.WebDriverManager.detectDriverVersionFromBrowser(WebDriverManager.java:594)
at io.github.bonigarcia.wdm.WebDriverManager.manage(WebDriverManager.java:508)
at io.github.bonigarcia.wdm.WebDriverManager.setup(WebDriverManager.java:258)
at Base.TestBase.initialize(TestBase.java:53)
at TestCase.LoginTest.setUp(LoginTest.java:17)
at java.util.ArrayList.forEach(ArrayList.java:1257)
at TestCase.TestRunner.main(TestRunner.java:21)
... Removed 28 stack frames]]>
    </failure>
  </testcase> <!-- @BeforeMethod setUp -->
  <testcase name="login" time="0.0" classname="TestCase.LoginTest">
    <skipped/>
  </testcase> <!-- login -->
</testsuite> <!-- Command line test -->
