<?xml version="1.0" encoding="UTF-8"?>
<testng-results skipped="0" failed="0" ignored="0" total="1" passed="1">
  <reporter-output>
  </reporter-output>
  <suite name="Default suite" duration-ms="26476" started-at="2020-03-18T20:20:52 IST" finished-at="2020-03-18T20:21:19 IST">
    <groups>
    </groups>
    <test name="Default test" duration-ms="26476" started-at="2020-03-18T20:20:52 IST" finished-at="2020-03-18T20:21:19 IST">
      <class name="TestCase.LoginTest">
        <test-method status="PASS" signature="setup()[pri:0, instance:TestCase.LoginTest@2f943d71]" name="setup" is-config="true" duration-ms="118" started-at="2020-03-18T20:20:52 IST" finished-at="2020-03-18T20:20:52 IST">
          <reporter-output>
          </reporter-output>
        </test-method> <!-- setup -->
        <test-method status="PASS" signature="setUp()[pri:0, instance:TestCase.LoginTest@2f943d71]" name="setUp" is-config="true" duration-ms="17571" started-at="2020-03-18T20:20:52 IST" finished-at="2020-03-18T20:21:10 IST">
          <reporter-output>
          </reporter-output>
        </test-method> <!-- setUp -->
        <test-method status="PASS" signature="login()[pri:0, instance:TestCase.LoginTest@2f943d71]" name="login" duration-ms="8745" started-at="2020-03-18T20:21:10 IST" finished-at="2020-03-18T20:21:19 IST">
          <reporter-output>
          </reporter-output>
        </test-method> <!-- login -->
        <test-method status="PASS" signature="TeardownTest()[pri:0, instance:TestCase.LoginTest@2f943d71]" name="TeardownTest" is-config="true" duration-ms="779" started-at="2020-03-18T20:21:19 IST" finished-at="2020-03-18T20:21:20 IST">
          <reporter-output>
          </reporter-output>
        </test-method> <!-- TeardownTest -->
      </class> <!-- TestCase.LoginTest -->
    </test> <!-- Default test -->
  </suite> <!-- Default suite -->
</testng-results>
